[2025-12-18 10:19:46] local.ERROR: SQLSTATE[42S02]: Base table or view not found: 1146 Table 'suivi_colis_iutv.sessions' doesn't exist (Connection: mariadb, SQL: select * from `sessions` where `id` = vTdfkVM7P1k7wHOB6H8sqMImn6IJsae2ZU5X80dB limit 1) {"exception":"[object] (Illuminate\\Database\\QueryException(code: 42S02): SQLSTATE[42S02]: Base table or view not found: 1146 Table 'suivi_colis_iutv.sessions' doesn't exist (Connection: mariadb, SQL: select * from `sessions` where `id` = vTdfkVM7P1k7wHOB6H8sqMImn6IJsae2ZU5X80dB limit 1) at /mnt/c/Users/Dell/Desktop/SAE301/suivi-colis-iutv/vendor/laravel/framework/src/Illuminate/Database/Connection.php:826)
[stacktrace]
#0 /mnt/c/Users/Dell/Desktop/SAE301/suivi-colis-iutv/vendor/laravel/framework/src/Illuminate/Database/Connection.php(780): Illuminate\\Database\\Connection->runQueryCallback()
#1 /mnt/c/Users/Dell/Desktop/SAE301/suivi-colis-iutv/vendor/laravel/framework/src/Illuminate/Database/Connection.php(397): Illuminate\\Database\\Connection->run()
#2 /mnt/c/Users/Dell/Desktop/SAE301/suivi-colis-iutv/vendor/laravel/framework/src/Illuminate/Database/Query/Builder.php(3188): Illuminate\\Database\\Connection->select()
#3 /mnt/c/Users/Dell/Desktop/SAE301/suivi-colis-iutv/vendor/laravel/framework/src/Illuminate/Database/Query/Builder.php(3173): Illuminate\\Database\\Query\\Builder->runSelect()
#4 /mnt/c/Users/Dell/Desktop/SAE301/suivi-colis-iutv/vendor/laravel/framework/src/Illuminate/Database/Query/Builder.php(3763): Illuminate\\Database\\Query\\Builder->Illuminate\\Database\\Query\\{closure}()
#5 /mnt/c/Users/Dell/Desktop/SAE301/suivi-colis-iutv/vendor/laravel/framework/src/Illuminate/Database/Query/Builder.php(3172): Illuminate\\Database\\Query\\Builder->onceWithColumns()
#6 /mnt/c/Users/Dell/Desktop/SAE301/suivi-colis-iutv/vendor/laravel/framework/src/Illuminate/Database/Concerns/BuildsQueries.php(366): Illuminate\\Database\\Query\\Builder->get()
#7 /mnt/c/Users/Dell/Desktop/SAE301/suivi-colis-iutv/vendor/laravel/framework/src/Illuminate/Database/Query/Builder.php(3095): Illuminate\\Database\\Query\\Builder->first()
#8 /mnt/c/Users/Dell/Desktop/SAE301/suivi-colis-iutv/vendor/laravel/framework/src/Illuminate/Session/DatabaseSessionHandler.php(96): Illuminate\\Database\\Query\\Builder->find()
#9 /mnt/c/Users/Dell/Desktop/SAE301/suivi-colis-iutv/vendor/laravel/framework/src/Illuminate/Session/Store.php(117): Illuminate\\Session\\DatabaseSessionHandler->read()
#10 /mnt/c/Users/Dell/Desktop/SAE301/suivi-colis-iutv/vendor/laravel/framework/src/Illuminate/Session/Store.php(105): Illuminate\\Session\\Store->readFromHandler()
#11 /mnt/c/Users/Dell/Desktop/SAE301/suivi-colis-iutv/vendor/laravel/framework/src/Illuminate/Session/Store.php(89): Illuminate\\Session\\Store->loadSession()
#12 /mnt/c/Users/Dell/Desktop/SAE301/suivi-colis-iutv/vendor/laravel/framework/src/Illuminate/Session/Middleware/StartSession.php(146): Illuminate\\Session\\Store->start()
#13 /mnt/c/Users/Dell/Desktop/SAE301/suivi-colis-iutv/vendor/laravel/framework/src/Illuminate/Support/helpers.php(390): Illuminate\\Session\\Middleware\\StartSession->Illuminate\\Session\\Middleware\\{closure}()
#14 /mnt/c/Users/Dell/Desktop/SAE301/suivi-colis-iutv/vendor/laravel/framework/src/Illuminate/Session/Middleware/StartSession.php(143): tap()
#15 /mnt/c/Users/Dell/Desktop/SAE301/suivi-colis-iutv/vendor/laravel/framework/src/Illuminate/Session/Middleware/StartSession.php(115): Illuminate\\Session\\Middleware\\StartSession->startSession()
#16 /mnt/c/Users/Dell/Desktop/SAE301/suivi-colis-iutv/vendor/laravel/framework/src/Illuminate/Session/Middleware/StartSession.php(63): Illuminate\\Session\\Middleware\\StartSession->handleStatefulRequest()
#17 /mnt/c/Users/Dell/Desktop/SAE301/suivi-colis-iutv/vendor/laravel/framework/src/Illuminate/Pipeline/Pipeline.php(219): Illuminate\\Session\\Middleware\\StartSession->handle()
#18 /mnt/c/Users/Dell/Desktop/SAE301/suivi-colis-iutv/vendor/laravel/framework/src/Illuminate/Cookie/Middleware/AddQueuedCookiesToResponse.php(36): Illuminate\\Pipeline\\Pipeline->Illuminate\\Pipeline\\{closure}()
#19 /mnt/c/Users/Dell/Desktop/SAE301/suivi-colis-iutv/vendor/laravel/framework/src/Illuminate/Pipeline/Pipeline.php(219): Illuminate\\Cookie\\Middleware\\AddQueuedCookiesToResponse->handle()
#20 /mnt/c/Users/Dell/Desktop/SAE301/suivi-colis-iutv/vendor/laravel/framework/src/Illuminate/Cookie/Middleware/EncryptCookies.php(74): Illuminate\\Pipeline\\Pipeline->Illuminate\\Pipeline\\{closure}()
#21 /mnt/c/Users/Dell/Desktop/SAE301/suivi-colis-iutv/vendor/laravel/framework/src/Illuminate/Pipeline/Pipeline.php(219): Illuminate\\Cookie\\Middleware\\EncryptCookies->handle()
#22 /mnt/c/Users/Dell/Desktop/SAE301/suivi-colis-iutv/vendor/laravel/framework/src/Illuminate/Pipeline/Pipeline.php(137): Illuminate\\Pipeline\\Pipeline->Illuminate\\Pipeline\\{closure}()
#23 /mnt/c/Users/Dell/Desktop/SAE301/suivi-colis-iutv/vendor/laravel/framework/src/Illuminate/Routing/Router.php(821): Illuminate\\Pipeline\\Pipeline->then()
#24 /mnt/c/Users/Dell/Desktop/SAE301/suivi-colis-iutv/vendor/laravel/framework/src/Illuminate/Routing/Router.php(800): Illuminate\\Routing\\Router->runRouteWithinStack()
#25 /mnt/c/Users/Dell/Desktop/SAE301/suivi-colis-iutv/vendor/laravel/framework/src/Illuminate/Routing/Router.php(764): Illuminate\\Routing\\Router->runRoute()
#26 /mnt/c/Users/Dell/Desktop/SAE301/suivi-colis-iutv/vendor/laravel/framework/src/Illuminate/Routing/Router.php(753): Illuminate\\Routing\\Router->dispatchToRoute()
#27 /mnt/c/Users/Dell/Desktop/SAE301/suivi-colis-iutv/vendor/laravel/framework/src/Illuminate/Foundation/Http/Kernel.php(200): Illuminate\\Routing\\Router->dispatch()
#28 /mnt/c/Users/Dell/Desktop/SAE301/suivi-colis-iutv/vendor/laravel/framework/src/Illuminate/Pipeline/Pipeline.php(180): Illuminate\\Foundation\\Http\\Kernel->Illuminate\\Foundation\\Http\\{closure}()
#29 /mnt/c/Users/Dell/Desktop/SAE301/suivi-colis-iutv/vendor/barryvdh/laravel-debugbar/src/Middleware/InjectDebugbar.php(66): Illuminate\\Pipeline\\Pipeline->Illuminate\\Pipeline\\{closure}()
#30 /mnt/c/Users/Dell/Desktop/SAE301/suivi-colis-iutv/vendor/laravel/framework/src/Illuminate/Pipeline/Pipeline.php(219): Barryvdh\\Debugbar\\Middleware\\InjectDebugbar->handle()
#31 /mnt/c/Users/Dell/Desktop/SAE301/suivi-colis-iutv/vendor/laravel/framework/src/Illuminate/Foundation/Http/Middleware/TransformsRequest.php(21): Illuminate\\Pipeline\\Pipeline->Illuminate\\Pipeline\\{closure}()
#32 /mnt/c/Users/Dell/Desktop/SAE301/suivi-colis-iutv/vendor/laravel/framework/src/Illuminate/Foundation/Http/Middleware/ConvertEmptyStringsToNull.php(31): Illuminate\\Foundation\\Http\\Middleware\\TransformsRequest->handle()
#33 /mnt/c/Users/Dell/Desktop/SAE301/suivi-colis-iutv/vendor/laravel/framework/src/Illuminate/Pipeline/Pipeline.php(219): Illuminate\\Foundation\\Http\\Middleware\\ConvertEmptyStringsToNull->handle()
#34 /mnt/c/Users/Dell/Desktop/SAE301/suivi-colis-iutv/vendor/laravel/framework/src/Illuminate/Foundation/Http/Middleware/TransformsRequest.php(21): Illuminate\\Pipeline\\Pipeline->Illuminate\\Pipeline\\{closure}()
#35 /mnt/c/Users/Dell/Desktop/SAE301/suivi-colis-iutv/vendor/laravel/framework/src/Illuminate/Foundation/Http/Middleware/TrimStrings.php(51): Illuminate\\Foundation\\Http\\Middleware\\TransformsRequest->handle()
#36 /mnt/c/Users/Dell/Desktop/SAE301/suivi-colis-iutv/vendor/laravel/framework/src/Illuminate/Pipeline/Pipeline.php(219): Illuminate\\Foundation\\Http\\Middleware\\TrimStrings->handle()
#37 /mnt/c/Users/Dell/Desktop/SAE301/suivi-colis-iutv/vendor/laravel/framework/src/Illuminate/Http/Middleware/ValidatePostSize.php(27): Illuminate\\Pipeline\\Pipeline->Illuminate\\Pipeline\\{closure}()
#38 /mnt/c/Users/Dell/Desktop/SAE301/suivi-colis-iutv/vendor/laravel/framework/src/Illuminate/Pipeline/Pipeline.php(219): Illuminate\\Http\\Middleware\\ValidatePostSize->handle()
#39 /mnt/c/Users/Dell/Desktop/SAE301/suivi-colis-iutv/vendor/laravel/framework/src/Illuminate/Foundation/Http/Middleware/PreventRequestsDuringMaintenance.php(109): Illuminate\\Pipeline\\Pipeline->Illuminate\\Pipeline\\{closure}()
#40 /mnt/c/Users/Dell/Desktop/SAE301/suivi-colis-iutv/vendor/laravel/framework/src/Illuminate/Pipeline/Pipeline.php(219): Illuminate\\Foundation\\Http\\Middleware\\PreventRequestsDuringMaintenance->handle()
#41 /mnt/c/Users/Dell/Desktop/SAE301/suivi-colis-iutv/vendor/laravel/framework/src/Illuminate/Http/Middleware/HandleCors.php(48): Illuminate\\Pipeline\\Pipeline->Illuminate\\Pipeline\\{closure}()
#42 /mnt/c/Users/Dell/Desktop/SAE301/suivi-colis-iutv/vendor/laravel/framework/src/Illuminate/Pipeline/Pipeline.php(219): Illuminate\\Http\\Middleware\\HandleCors->handle()
#43 /mnt/c/Users/Dell/Desktop/SAE301/suivi-colis-iutv/vendor/laravel/framework/src/Illuminate/Http/Middleware/TrustProxies.php(58): Illuminate\\Pipeline\\Pipeline->Illuminate\\Pipeline\\{closure}()
#44 /mnt/c/Users/Dell/Desktop/SAE301/suivi-colis-iutv/vendor/laravel/framework/src/Illuminate/Pipeline/Pipeline.php(219): Illuminate\\Http\\Middleware\\TrustProxies->handle()
#45 /mnt/c/Users/Dell/Desktop/SAE301/suivi-colis-iutv/vendor/laravel/framework/src/Illuminate/Foundation/Http/Middleware/InvokeDeferredCallbacks.php(22): Illuminate\\Pipeline\\Pipeline->Illuminate\\Pipeline\\{closure}()
#46 /mnt/c/Users/Dell/Desktop/SAE301/suivi-colis-iutv/vendor/laravel/framework/src/Illuminate/Pipeline/Pipeline.php(219): Illuminate\\Foundation\\Http\\Middleware\\InvokeDeferredCallbacks->handle()
#47 /mnt/c/Users/Dell/Desktop/SAE301/suivi-colis-iutv/vendor/laravel/framework/src/Illuminate/Http/Middleware/ValidatePathEncoding.php(26): Illuminate\\Pipeline\\Pipeline->Illuminate\\Pipeline\\{closure}()
#48 /mnt/c/Users/Dell/Desktop/SAE301/suivi-colis-iutv/vendor/laravel/framework/src/Illuminate/Pipeline/Pipeline.php(219): Illuminate\\Http\\Middleware\\ValidatePathEncoding->handle()
#49 /mnt/c/Users/Dell/Desktop/SAE301/suivi-colis-iutv/vendor/laravel/framework/src/Illuminate/Pipeline/Pipeline.php(137): Illuminate\\Pipeline\\Pipeline->Illuminate\\Pipeline\\{closure}()
#50 /mnt/c/Users/Dell/Desktop/SAE301/suivi-colis-iutv/vendor/laravel/framework/src/Illuminate/Foundation/Http/Kernel.php(175): Illuminate\\Pipeline\\Pipeline->then()
#51 /mnt/c/Users/Dell/Desktop/SAE301/suivi-colis-iutv/vendor/laravel/framework/src/Illuminate/Foundation/Http/Kernel.php(144): Illuminate\\Foundation\\Http\\Kernel->sendRequestThroughRouter()
#52 /mnt/c/Users/Dell/Desktop/SAE301/suivi-colis-iutv/vendor/laravel/framework/src/Illuminate/Foundation/Application.php(1220): Illuminate\\Foundation\\Http\\Kernel->handle()
#53 /mnt/c/Users/Dell/Desktop/SAE301/suivi-colis-iutv/public/index.php(20): Illuminate\\Foundation\\Application->handleRequest()
#54 /mnt/c/Users/Dell/Desktop/SAE301/suivi-colis-iutv/vendor/laravel/framework/src/Illuminate/Foundation/resources/server.php(23): require_once('...')
#55 {main}

[previous exception] [object] (PDOException(code: 42S02): SQLSTATE[42S02]: Base table or view not found: 1146 Table 'suivi_colis_iutv.sessions' doesn't exist at /mnt/c/Users/Dell/Desktop/SAE301/suivi-colis-iutv/vendor/laravel/framework/src/Illuminate/Database/Connection.php:406)
[stacktrace]
#0 /mnt/c/Users/Dell/Desktop/SAE301/suivi-colis-iutv/vendor/laravel/framework/src/Illuminate/Database/Connection.php(406): PDO->prepare()
#1 /mnt/c/Users/Dell/Desktop/SAE301/suivi-colis-iutv/vendor/laravel/framework/src/Illuminate/Database/Connection.php(813): Illuminate\\Database\\Connection->Illuminate\\Database\\{closure}()
#2 /mnt/c/Users/Dell/Desktop/SAE301/suivi-colis-iutv/vendor/laravel/framework/src/Illuminate/Database/Connection.php(780): Illuminate\\Database\\Connection->runQueryCallback()
#3 /mnt/c/Users/Dell/Desktop/SAE301/suivi-colis-iutv/vendor/laravel/framework/src/Illuminate/Database/Connection.php(397): Illuminate\\Database\\Connection->run()
#4 /mnt/c/Users/Dell/Desktop/SAE301/suivi-colis-iutv/vendor/laravel/framework/src/Illuminate/Database/Query/Builder.php(3188): Illuminate\\Database\\Connection->select()
#5 /mnt/c/Users/Dell/Desktop/SAE301/suivi-colis-iutv/vendor/laravel/framework/src/Illuminate/Database/Query/Builder.php(3173): Illuminate\\Database\\Query\\Builder->runSelect()
#6 /mnt/c/Users/Dell/Desktop/SAE301/suivi-colis-iutv/vendor/laravel/framework/src/Illuminate/Database/Query/Builder.php(3763): Illuminate\\Database\\Query\\Builder->Illuminate\\Database\\Query\\{closure}()
#7 /mnt/c/Users/Dell/Desktop/SAE301/suivi-colis-iutv/vendor/laravel/framework/src/Illuminate/Database/Query/Builder.php(3172): Illuminate\\Database\\Query\\Builder->onceWithColumns()
#8 /mnt/c/Users/Dell/Desktop/SAE301/suivi-colis-iutv/vendor/laravel/framework/src/Illuminate/Database/Concerns/BuildsQueries.php(366): Illuminate\\Database\\Query\\Builder->get()
#9 /mnt/c/Users/Dell/Desktop/SAE301/suivi-colis-iutv/vendor/laravel/framework/src/Illuminate/Database/Query/Builder.php(3095): Illuminate\\Database\\Query\\Builder->first()
#10 /mnt/c/Users/Dell/Desktop/SAE301/suivi-colis-iutv/vendor/laravel/framework/src/Illuminate/Session/DatabaseSessionHandler.php(96): Illuminate\\Database\\Query\\Builder->find()
#11 /mnt/c/Users/Dell/Desktop/SAE301/suivi-colis-iutv/vendor/laravel/framework/src/Illuminate/Session/Store.php(117): Illuminate\\Session\\DatabaseSessionHandler->read()
#12 /mnt/c/Users/Dell/Desktop/SAE301/suivi-colis-iutv/vendor/laravel/framework/src/Illuminate/Session/Store.php(105): Illuminate\\Session\\Store->readFromHandler()
#13 /mnt/c/Users/Dell/Desktop/SAE301/suivi-colis-iutv/vendor/laravel/framework/src/Illuminate/Session/Store.php(89): Illuminate\\Session\\Store->loadSession()
#14 /mnt/c/Users/Dell/Desktop/SAE301/suivi-colis-iutv/vendor/laravel/framework/src/Illuminate/Session/Middleware/StartSession.php(146): Illuminate\\Session\\Store->start()
#15 /mnt/c/Users/Dell/Desktop/SAE301/suivi-colis-iutv/vendor/laravel/framework/src/Illuminate/Support/helpers.php(390): Illuminate\\Session\\Middleware\\StartSession->Illuminate\\Session\\Middleware\\{closure}()
#16 /mnt/c/Users/Dell/Desktop/SAE301/suivi-colis-iutv/vendor/laravel/framework/src/Illuminate/Session/Middleware/StartSession.php(143): tap()
#17 /mnt/c/Users/Dell/Desktop/SAE301/suivi-colis-iutv/vendor/laravel/framework/src/Illuminate/Session/Middleware/StartSession.php(115): Illuminate\\Session\\Middleware\\StartSession->startSession()
#18 /mnt/c/Users/Dell/Desktop/SAE301/suivi-colis-iutv/vendor/laravel/framework/src/Illuminate/Session/Middleware/StartSession.php(63): Illuminate\\Session\\Middleware\\StartSession->handleStatefulRequest()
#19 /mnt/c/Users/Dell/Desktop/SAE301/suivi-colis-iutv/vendor/laravel/framework/src/Illuminate/Pipeline/Pipeline.php(219): Illuminate\\Session\\Middleware\\StartSession->handle()
#20 /mnt/c/Users/Dell/Desktop/SAE301/suivi-colis-iutv/vendor/laravel/framework/src/Illuminate/Cookie/Middleware/AddQueuedCookiesToResponse.php(36): Illuminate\\Pipeline\\Pipeline->Illuminate\\Pipeline\\{closure}()
#21 /mnt/c/Users/Dell/Desktop/SAE301/suivi-colis-iutv/vendor/laravel/framework/src/Illuminate/Pipeline/Pipeline.php(219): Illuminate\\Cookie\\Middleware\\AddQueuedCookiesToResponse->handle()
#22 /mnt/c/Users/Dell/Desktop/SAE301/suivi-colis-iutv/vendor/laravel/framework/src/Illuminate/Cookie/Middleware/EncryptCookies.php(74): Illuminate\\Pipeline\\Pipeline->Illuminate\\Pipeline\\{closure}()
#23 /mnt/c/Users/Dell/Desktop/SAE301/suivi-colis-iutv/vendor/laravel/framework/src/Illuminate/Pipeline/Pipeline.php(219): Illuminate\\Cookie\\Middleware\\EncryptCookies->handle()
#24 /mnt/c/Users/Dell/Desktop/SAE301/suivi-colis-iutv/vendor/laravel/framework/src/Illuminate/Pipeline/Pipeline.php(137): Illuminate\\Pipeline\\Pipeline->Illuminate\\Pipeline\\{closure}()
#25 /mnt/c/Users/Dell/Desktop/SAE301/suivi-colis-iutv/vendor/laravel/framework/src/Illuminate/Routing/Router.php(821): Illuminate\\Pipeline\\Pipeline->then()
#26 /mnt/c/Users/Dell/Desktop/SAE301/suivi-colis-iutv/vendor/laravel/framework/src/Illuminate/Routing/Router.php(800): Illuminate\\Routing\\Router->runRouteWithinStack()
#27 /mnt/c/Users/Dell/Desktop/SAE301/suivi-colis-iutv/vendor/laravel/framework/src/Illuminate/Routing/Router.php(764): Illuminate\\Routing\\Router->runRoute()
#28 /mnt/c/Users/Dell/Desktop/SAE301/suivi-colis-iutv/vendor/laravel/framework/src/Illuminate/Routing/Router.php(753): Illuminate\\Routing\\Router->dispatchToRoute()
#29 /mnt/c/Users/Dell/Desktop/SAE301/suivi-colis-iutv/vendor/laravel/framework/src/Illuminate/Foundation/Http/Kernel.php(200): Illuminate\\Routing\\Router->dispatch()
#30 /mnt/c/Users/Dell/Desktop/SAE301/suivi-colis-iutv/vendor/laravel/framework/src/Illuminate/Pipeline/Pipeline.php(180): Illuminate\\Foundation\\Http\\Kernel->Illuminate\\Foundation\\Http\\{closure}()
#31 /mnt/c/Users/Dell/Desktop/SAE301/suivi-colis-iutv/vendor/barryvdh/laravel-debugbar/src/Middleware/InjectDebugbar.php(66): Illuminate\\Pipeline\\Pipeline->Illuminate\\Pipeline\\{closure}()
#32 /mnt/c/Users/Dell/Desktop/SAE301/suivi-colis-iutv/vendor/laravel/framework/src/Illuminate/Pipeline/Pipeline.php(219): Barryvdh\\Debugbar\\Middleware\\InjectDebugbar->handle()
#33 /mnt/c/Users/Dell/Desktop/SAE301/suivi-colis-iutv/vendor/laravel/framework/src/Illuminate/Foundation/Http/Middleware/TransformsRequest.php(21): Illuminate\\Pipeline\\Pipeline->Illuminate\\Pipeline\\{closure}()
#34 /mnt/c/Users/Dell/Desktop/SAE301/suivi-colis-iutv/vendor/laravel/framework/src/Illuminate/Foundation/Http/Middleware/ConvertEmptyStringsToNull.php(31): Illuminate\\Foundation\\Http\\Middleware\\TransformsRequest->handle()
#35 /mnt/c/Users/Dell/Desktop/SAE301/suivi-colis-iutv/vendor/laravel/framework/src/Illuminate/Pipeline/Pipeline.php(219): Illuminate\\Foundation\\Http\\Middleware\\ConvertEmptyStringsToNull->handle()
#36 /mnt/c/Users/Dell/Desktop/SAE301/suivi-colis-iutv/vendor/laravel/framework/src/Illuminate/Foundation/Http/Middleware/TransformsRequest.php(21): Illuminate\\Pipeline\\Pipeline->Illuminate\\Pipeline\\{closure}()
#37 /mnt/c/Users/Dell/Desktop/SAE301/suivi-colis-iutv/vendor/laravel/framework/src/Illuminate/Foundation/Http/Middleware/TrimStrings.php(51): Illuminate\\Foundation\\Http\\Middleware\\TransformsRequest->handle()
#38 /mnt/c/Users/Dell/Desktop/SAE301/suivi-colis-iutv/vendor/laravel/framework/src/Illuminate/Pipeline/Pipeline.php(219): Illuminate\\Foundation\\Http\\Middleware\\TrimStrings->handle()
#39 /mnt/c/Users/Dell/Desktop/SAE301/suivi-colis-iutv/vendor/laravel/framework/src/Illuminate/Http/Middleware/ValidatePostSize.php(27): Illuminate\\Pipeline\\Pipeline->Illuminate\\Pipeline\\{closure}()
#40 /mnt/c/Users/Dell/Desktop/SAE301/suivi-colis-iutv/vendor/laravel/framework/src/Illuminate/Pipeline/Pipeline.php(219): Illuminate\\Http\\Middleware\\ValidatePostSize->handle()
#41 /mnt/c/Users/Dell/Desktop/SAE301/suivi-colis-iutv/vendor/laravel/framework/src/Illuminate/Foundation/Http/Middleware/PreventRequestsDuringMaintenance.php(109): Illuminate\\Pipeline\\Pipeline->Illuminate\\Pipeline\\{closure}()
#42 /mnt/c/Users/Dell/Desktop/SAE301/suivi-colis-iutv/vendor/laravel/framework/src/Illuminate/Pipeline/Pipeline.php(219): Illuminate\\Foundation\\Http\\Middleware\\PreventRequestsDuringMaintenance->handle()
#43 /mnt/c/Users/Dell/Desktop/SAE301/suivi-colis-iutv/vendor/laravel/framework/src/Illuminate/Http/Middleware/HandleCors.php(48): Illuminate\\Pipeline\\Pipeline->Illuminate\\Pipeline\\{closure}()
#44 /mnt/c/Users/Dell/Desktop/SAE301/suivi-colis-iutv/vendor/laravel/framework/src/Illuminate/Pipeline/Pipeline.php(219): Illuminate\\Http\\Middleware\\HandleCors->handle()
#45 /mnt/c/Users/Dell/Desktop/SAE301/suivi-colis-iutv/vendor/laravel/framework/src/Illuminate/Http/Middleware/TrustProxies.php(58): Illuminate\\Pipeline\\Pipeline->Illuminate\\Pipeline\\{closure}()
#46 /mnt/c/Users/Dell/Desktop/SAE301/suivi-colis-iutv/vendor/laravel/framework/src/Illuminate/Pipeline/Pipeline.php(219): Illuminate\\Http\\Middleware\\TrustProxies->handle()
#47 /mnt/c/Users/Dell/Desktop/SAE301/suivi-colis-iutv/vendor/laravel/framework/src/Illuminate/Foundation/Http/Middleware/InvokeDeferredCallbacks.php(22): Illuminate\\Pipeline\\Pipeline->Illuminate\\Pipeline\\{closure}()
#48 /mnt/c/Users/Dell/Desktop/SAE301/suivi-colis-iutv/vendor/laravel/framework/src/Illuminate/Pipeline/Pipeline.php(219): Illuminate\\Foundation\\Http\\Middleware\\InvokeDeferredCallbacks->handle()
#49 /mnt/c/Users/Dell/Desktop/SAE301/suivi-colis-iutv/vendor/laravel/framework/src/Illuminate/Http/Middleware/ValidatePathEncoding.php(26): Illuminate\\Pipeline\\Pipeline->Illuminate\\Pipeline\\{closure}()
#50 /mnt/c/Users/Dell/Desktop/SAE301/suivi-colis-iutv/vendor/laravel/framework/src/Illuminate/Pipeline/Pipeline.php(219): Illuminate\\Http\\Middleware\\ValidatePathEncoding->handle()
#51 /mnt/c/Users/Dell/Desktop/SAE301/suivi-colis-iutv/vendor/laravel/framework/src/Illuminate/Pipeline/Pipeline.php(137): Illuminate\\Pipeline\\Pipeline->Illuminate\\Pipeline\\{closure}()
#52 /mnt/c/Users/Dell/Desktop/SAE301/suivi-colis-iutv/vendor/laravel/framework/src/Illuminate/Foundation/Http/Kernel.php(175): Illuminate\\Pipeline\\Pipeline->then()
#53 /mnt/c/Users/Dell/Desktop/SAE301/suivi-colis-iutv/vendor/laravel/framework/src/Illuminate/Foundation/Http/Kernel.php(144): Illuminate\\Foundation\\Http\\Kernel->sendRequestThroughRouter()
#54 /mnt/c/Users/Dell/Desktop/SAE301/suivi-colis-iutv/vendor/laravel/framework/src/Illuminate/Foundation/Application.php(1220): Illuminate\\Foundation\\Http\\Kernel->handle()
#55 /mnt/c/Users/Dell/Desktop/SAE301/suivi-colis-iutv/public/index.php(20): Illuminate\\Foundation\\Application->handleRequest()
#56 /mnt/c/Users/Dell/Desktop/SAE301/suivi-colis-iutv/vendor/laravel/framework/src/Illuminate/Foundation/resources/server.php(23): require_once('...')
#57 {main}
"} 
[2025-12-18 10:23:21] local.ERROR: Debugbar exception: SQLSTATE[42S02]: Base table or view not found: 1146 Table 'suivi_colis_iutv.sessions' doesn't exist (Connection: mariadb, SQL: select * from `sessions` where `id` = vTdfkVM7P1k7wHOB6H8sqMImn6IJsae2ZU5X80dB limit 1)  
[2025-12-18 10:23:53] local.ERROR: SQLSTATE[42S02]: Base table or view not found: 1146 Table 'suivi_colis_iutv.sessions' doesn't exist (Connection: mariadb, SQL: select * from `sessions` where `id` = WrLvR5fXOQHdAAlTfAaxn8laVJNMPax5mC7RZn4i limit 1) {"exception":"[object] (Illuminate\\Database\\QueryException(code: 42S02): SQLSTATE[42S02]: Base table or view not found: 1146 Table 'suivi_colis_iutv.sessions' doesn't exist (Connection: mariadb, SQL: select * from `sessions` where `id` = WrLvR5fXOQHdAAlTfAaxn8laVJNMPax5mC7RZn4i limit 1) at /mnt/c/Users/Dell/Desktop/SAE301/suivi-colis-iutv/vendor/laravel/framework/src/Illuminate/Database/Connection.php:826)
[stacktrace]
#0 /mnt/c/Users/Dell/Desktop/SAE301/suivi-colis-iutv/vendor/laravel/framework/src/Illuminate/Database/Connection.php(780): Illuminate\\Database\\Connection->runQueryCallback()
#1 /mnt/c/Users/Dell/Desktop/SAE301/suivi-colis-iutv/vendor/laravel/framework/src/Illuminate/Database/Connection.php(397): Illuminate\\Database\\Connection->run()
#2 /mnt/c/Users/Dell/Desktop/SAE301/suivi-colis-iutv/vendor/laravel/framework/src/Illuminate/Database/Query/Builder.php(3188): Illuminate\\Database\\Connection->select()
#3 /mnt/c/Users/Dell/Desktop/SAE301/suivi-colis-iutv/vendor/laravel/framework/src/Illuminate/Database/Query/Builder.php(3173): Illuminate\\Database\\Query\\Builder->runSelect()
#4 /mnt/c/Users/Dell/Desktop/SAE301/suivi-colis-iutv/vendor/laravel/framework/src/Illuminate/Database/Query/Builder.php(3763): Illuminate\\Database\\Query\\Builder->Illuminate\\Database\\Query\\{closure}()
#5 /mnt/c/Users/Dell/Desktop/SAE301/suivi-colis-iutv/vendor/laravel/framework/src/Illuminate/Database/Query/Builder.php(3172): Illuminate\\Database\\Query\\Builder->onceWithColumns()
#6 /mnt/c/Users/Dell/Desktop/SAE301/suivi-colis-iutv/vendor/laravel/framework/src/Illuminate/Database/Concerns/BuildsQueries.php(366): Illuminate\\Database\\Query\\Builder->get()
#7 /mnt/c/Users/Dell/Desktop/SAE301/suivi-colis-iutv/vendor/laravel/framework/src/Illuminate/Database/Query/Builder.php(3095): Illuminate\\Database\\Query\\Builder->first()
#8 /mnt/c/Users/Dell/Desktop/SAE301/suivi-colis-iutv/vendor/laravel/framework/src/Illuminate/Session/DatabaseSessionHandler.php(96): Illuminate\\Database\\Query\\Builder->find()
#9 /mnt/c/Users/Dell/Desktop/SAE301/suivi-colis-iutv/vendor/laravel/framework/src/Illuminate/Session/Store.php(117): Illuminate\\Session\\DatabaseSessionHandler->read()
#10 /mnt/c/Users/Dell/Desktop/SAE301/suivi-colis-iutv/vendor/laravel/framework/src/Illuminate/Session/Store.php(105): Illuminate\\Session\\Store->readFromHandler()
#11 /mnt/c/Users/Dell/Desktop/SAE301/suivi-colis-iutv/vendor/laravel/framework/src/Illuminate/Session/Store.php(89): Illuminate\\Session\\Store->loadSession()
#12 /mnt/c/Users/Dell/Desktop/SAE301/suivi-colis-iutv/vendor/laravel/framework/src/Illuminate/Session/Middleware/StartSession.php(146): Illuminate\\Session\\Store->start()
#13 /mnt/c/Users/Dell/Desktop/SAE301/suivi-colis-iutv/vendor/laravel/framework/src/Illuminate/Support/helpers.php(390): Illuminate\\Session\\Middleware\\StartSession->Illuminate\\Session\\Middleware\\{closure}()
#14 /mnt/c/Users/Dell/Desktop/SAE301/suivi-colis-iutv/vendor/laravel/framework/src/Illuminate/Session/Middleware/StartSession.php(143): tap()
#15 /mnt/c/Users/Dell/Desktop/SAE301/suivi-colis-iutv/vendor/laravel/framework/src/Illuminate/Session/Middleware/StartSession.php(115): Illuminate\\Session\\Middleware\\StartSession->startSession()
#16 /mnt/c/Users/Dell/Desktop/SAE301/suivi-colis-iutv/vendor/laravel/framework/src/Illuminate/Session/Middleware/StartSession.php(63): Illuminate\\Session\\Middleware\\StartSession->handleStatefulRequest()
#17 /mnt/c/Users/Dell/Desktop/SAE301/suivi-colis-iutv/vendor/laravel/framework/src/Illuminate/Pipeline/Pipeline.php(219): Illuminate\\Session\\Middleware\\StartSession->handle()
#18 /mnt/c/Users/Dell/Desktop/SAE301/suivi-colis-iutv/vendor/laravel/framework/src/Illuminate/Cookie/Middleware/AddQueuedCookiesToResponse.php(36): Illuminate\\Pipeline\\Pipeline->Illuminate\\Pipeline\\{closure}()
#19 /mnt/c/Users/Dell/Desktop/SAE301/suivi-colis-iutv/vendor/laravel/framework/src/Illuminate/Pipeline/Pipeline.php(219): Illuminate\\Cookie\\Middleware\\AddQueuedCookiesToResponse->handle()
#20 /mnt/c/Users/Dell/Desktop/SAE301/suivi-colis-iutv/vendor/laravel/framework/src/Illuminate/Cookie/Middleware/EncryptCookies.php(74): Illuminate\\Pipeline\\Pipeline->Illuminate\\Pipeline\\{closure}()
#21 /mnt/c/Users/Dell/Desktop/SAE301/suivi-colis-iutv/vendor/laravel/framework/src/Illuminate/Pipeline/Pipeline.php(219): Illuminate\\Cookie\\Middleware\\EncryptCookies->handle()
#22 /mnt/c/Users/Dell/Desktop/SAE301/suivi-colis-iutv/vendor/laravel/framework/src/Illuminate/Pipeline/Pipeline.php(137): Illuminate\\Pipeline\\Pipeline->Illuminate\\Pipeline\\{closure}()
#23 /mnt/c/Users/Dell/Desktop/SAE301/suivi-colis-iutv/vendor/laravel/framework/src/Illuminate/Routing/Router.php(821): Illuminate\\Pipeline\\Pipeline->then()
#24 /mnt/c/Users/Dell/Desktop/SAE301/suivi-colis-iutv/vendor/laravel/framework/src/Illuminate/Routing/Router.php(800): Illuminate\\Routing\\Router->runRouteWithinStack()
#25 /mnt/c/Users/Dell/Desktop/SAE301/suivi-colis-iutv/vendor/laravel/framework/src/Illuminate/Routing/Router.php(764): Illuminate\\Routing\\Router->runRoute()
#26 /mnt/c/Users/Dell/Desktop/SAE301/suivi-colis-iutv/vendor/laravel/framework/src/Illuminate/Routing/Router.php(753): Illuminate\\Routing\\Router->dispatchToRoute()
#27 /mnt/c/Users/Dell/Desktop/SAE301/suivi-colis-iutv/vendor/laravel/framework/src/Illuminate/Foundation/Http/Kernel.php(200): Illuminate\\Routing\\Router->dispatch()
#28 /mnt/c/Users/Dell/Desktop/SAE301/suivi-colis-iutv/vendor/laravel/framework/src/Illuminate/Pipeline/Pipeline.php(180): Illuminate\\Foundation\\Http\\Kernel->Illuminate\\Foundation\\Http\\{closure}()
#29 /mnt/c/Users/Dell/Desktop/SAE301/suivi-colis-iutv/vendor/barryvdh/laravel-debugbar/src/Middleware/InjectDebugbar.php(66): Illuminate\\Pipeline\\Pipeline->Illuminate\\Pipeline\\{closure}()
#30 /mnt/c/Users/Dell/Desktop/SAE301/suivi-colis-iutv/vendor/laravel/framework/src/Illuminate/Pipeline/Pipeline.php(219): Barryvdh\\Debugbar\\Middleware\\InjectDebugbar->handle()
#31 /mnt/c/Users/Dell/Desktop/SAE301/suivi-colis-iutv/vendor/laravel/framework/src/Illuminate/Foundation/Http/Middleware/TransformsRequest.php(21): Illuminate\\Pipeline\\Pipeline->Illuminate\\Pipeline\\{closure}()
#32 /mnt/c/Users/Dell/Desktop/SAE301/suivi-colis-iutv/vendor/laravel/framework/src/Illuminate/Foundation/Http/Middleware/ConvertEmptyStringsToNull.php(31): Illuminate\\Foundation\\Http\\Middleware\\TransformsRequest->handle()
#33 /mnt/c/Users/Dell/Desktop/SAE301/suivi-colis-iutv/vendor/laravel/framework/src/Illuminate/Pipeline/Pipeline.php(219): Illuminate\\Foundation\\Http\\Middleware\\ConvertEmptyStringsToNull->handle()
#34 /mnt/c/Users/Dell/Desktop/SAE301/suivi-colis-iutv/vendor/laravel/framework/src/Illuminate/Foundation/Http/Middleware/TransformsRequest.php(21): Illuminate\\Pipeline\\Pipeline->Illuminate\\Pipeline\\{closure}()
#35 /mnt/c/Users/Dell/Desktop/SAE301/suivi-colis-iutv/vendor/laravel/framework/src/Illuminate/Foundation/Http/Middleware/TrimStrings.php(51): Illuminate\\Foundation\\Http\\Middleware\\TransformsRequest->handle()
#36 /mnt/c/Users/Dell/Desktop/SAE301/suivi-colis-iutv/vendor/laravel/framework/src/Illuminate/Pipeline/Pipeline.php(219): Illuminate\\Foundation\\Http\\Middleware\\TrimStrings->handle()
#37 /mnt/c/Users/Dell/Desktop/SAE301/suivi-colis-iutv/vendor/laravel/framework/src/Illuminate/Http/Middleware/ValidatePostSize.php(27): Illuminate\\Pipeline\\Pipeline->Illuminate\\Pipeline\\{closure}()
#38 /mnt/c/Users/Dell/Desktop/SAE301/suivi-colis-iutv/vendor/laravel/framework/src/Illuminate/Pipeline/Pipeline.php(219): Illuminate\\Http\\Middleware\\ValidatePostSize->handle()
#39 /mnt/c/Users/Dell/Desktop/SAE301/suivi-colis-iutv/vendor/laravel/framework/src/Illuminate/Foundation/Http/Middleware/PreventRequestsDuringMaintenance.php(109): Illuminate\\Pipeline\\Pipeline->Illuminate\\Pipeline\\{closure}()
#40 /mnt/c/Users/Dell/Desktop/SAE301/suivi-colis-iutv/vendor/laravel/framework/src/Illuminate/Pipeline/Pipeline.php(219): Illuminate\\Foundation\\Http\\Middleware\\PreventRequestsDuringMaintenance->handle()
#41 /mnt/c/Users/Dell/Desktop/SAE301/suivi-colis-iutv/vendor/laravel/framework/src/Illuminate/Http/Middleware/HandleCors.php(48): Illuminate\\Pipeline\\Pipeline->Illuminate\\Pipeline\\{closure}()
#42 /mnt/c/Users/Dell/Desktop/SAE301/suivi-colis-iutv/vendor/laravel/framework/src/Illuminate/Pipeline/Pipeline.php(219): Illuminate\\Http\\Middleware\\HandleCors->handle()
#43 /mnt/c/Users/Dell/Desktop/SAE301/suivi-colis-iutv/vendor/laravel/framework/src/Illuminate/Http/Middleware/TrustProxies.php(58): Illuminate\\Pipeline\\Pipeline->Illuminate\\Pipeline\\{closure}()
#44 /mnt/c/Users/Dell/Desktop/SAE301/suivi-colis-iutv/vendor/laravel/framework/src/Illuminate/Pipeline/Pipeline.php(219): Illuminate\\Http\\Middleware\\TrustProxies->handle()
#45 /mnt/c/Users/Dell/Desktop/SAE301/suivi-colis-iutv/vendor/laravel/framework/src/Illuminate/Foundation/Http/Middleware/InvokeDeferredCallbacks.php(22): Illuminate\\Pipeline\\Pipeline->Illuminate\\Pipeline\\{closure}()
#46 /mnt/c/Users/Dell/Desktop/SAE301/suivi-colis-iutv/vendor/laravel/framework/src/Illuminate/Pipeline/Pipeline.php(219): Illuminate\\Foundation\\Http\\Middleware\\InvokeDeferredCallbacks->handle()
#47 /mnt/c/Users/Dell/Desktop/SAE301/suivi-colis-iutv/vendor/laravel/framework/src/Illuminate/Http/Middleware/ValidatePathEncoding.php(26): Illuminate\\Pipeline\\Pipeline->Illuminate\\Pipeline\\{closure}()
#48 /mnt/c/Users/Dell/Desktop/SAE301/suivi-colis-iutv/vendor/laravel/framework/src/Illuminate/Pipeline/Pipeline.php(219): Illuminate\\Http\\Middleware\\ValidatePathEncoding->handle()
#49 /mnt/c/Users/Dell/Desktop/SAE301/suivi-colis-iutv/vendor/laravel/framework/src/Illuminate/Pipeline/Pipeline.php(137): Illuminate\\Pipeline\\Pipeline->Illuminate\\Pipeline\\{closure}()
#50 /mnt/c/Users/Dell/Desktop/SAE301/suivi-colis-iutv/vendor/laravel/framework/src/Illuminate/Foundation/Http/Kernel.php(175): Illuminate\\Pipeline\\Pipeline->then()
#51 /mnt/c/Users/Dell/Desktop/SAE301/suivi-colis-iutv/vendor/laravel/framework/src/Illuminate/Foundation/Http/Kernel.php(144): Illuminate\\Foundation\\Http\\Kernel->sendRequestThroughRouter()
#52 /mnt/c/Users/Dell/Desktop/SAE301/suivi-colis-iutv/vendor/laravel/framework/src/Illuminate/Foundation/Application.php(1220): Illuminate\\Foundation\\Http\\Kernel->handle()
#53 /mnt/c/Users/Dell/Desktop/SAE301/suivi-colis-iutv/public/index.php(20): Illuminate\\Foundation\\Application->handleRequest()
#54 /mnt/c/Users/Dell/Desktop/SAE301/suivi-colis-iutv/vendor/laravel/framework/src/Illuminate/Foundation/resources/server.php(23): require_once('...')
#55 {main}

[previous exception] [object] (PDOException(code: 42S02): SQLSTATE[42S02]: Base table or view not found: 1146 Table 'suivi_colis_iutv.sessions' doesn't exist at /mnt/c/Users/Dell/Desktop/SAE301/suivi-colis-iutv/vendor/laravel/framework/src/Illuminate/Database/Connection.php:406)
[stacktrace]
#0 /mnt/c/Users/Dell/Desktop/SAE301/suivi-colis-iutv/vendor/laravel/framework/src/Illuminate/Database/Connection.php(406): PDO->prepare()
#1 /mnt/c/Users/Dell/Desktop/SAE301/suivi-colis-iutv/vendor/laravel/framework/src/Illuminate/Database/Connection.php(813): Illuminate\\Database\\Connection->Illuminate\\Database\\{closure}()
#2 /mnt/c/Users/Dell/Desktop/SAE301/suivi-colis-iutv/vendor/laravel/framework/src/Illuminate/Database/Connection.php(780): Illuminate\\Database\\Connection->runQueryCallback()
#3 /mnt/c/Users/Dell/Desktop/SAE301/suivi-colis-iutv/vendor/laravel/framework/src/Illuminate/Database/Connection.php(397): Illuminate\\Database\\Connection->run()
#4 /mnt/c/Users/Dell/Desktop/SAE301/suivi-colis-iutv/vendor/laravel/framework/src/Illuminate/Database/Query/Builder.php(3188): Illuminate\\Database\\Connection->select()
#5 /mnt/c/Users/Dell/Desktop/SAE301/suivi-colis-iutv/vendor/laravel/framework/src/Illuminate/Database/Query/Builder.php(3173): Illuminate\\Database\\Query\\Builder->runSelect()
#6 /mnt/c/Users/Dell/Desktop/SAE301/suivi-colis-iutv/vendor/laravel/framework/src/Illuminate/Database/Query/Builder.php(3763): Illuminate\\Database\\Query\\Builder->Illuminate\\Database\\Query\\{closure}()
#7 /mnt/c/Users/Dell/Desktop/SAE301/suivi-colis-iutv/vendor/laravel/framework/src/Illuminate/Database/Query/Builder.php(3172): Illuminate\\Database\\Query\\Builder->onceWithColumns()
#8 /mnt/c/Users/Dell/Desktop/SAE301/suivi-colis-iutv/vendor/laravel/framework/src/Illuminate/Database/Concerns/BuildsQueries.php(366): Illuminate\\Database\\Query\\Builder->get()
#9 /mnt/c/Users/Dell/Desktop/SAE301/suivi-colis-iutv/vendor/laravel/framework/src/Illuminate/Database/Query/Builder.php(3095): Illuminate\\Database\\Query\\Builder->first()
#10 /mnt/c/Users/Dell/Desktop/SAE301/suivi-colis-iutv/vendor/laravel/framework/src/Illuminate/Session/DatabaseSessionHandler.php(96): Illuminate\\Database\\Query\\Builder->find()
#11 /mnt/c/Users/Dell/Desktop/SAE301/suivi-colis-iutv/vendor/laravel/framework/src/Illuminate/Session/Store.php(117): Illuminate\\Session\\DatabaseSessionHandler->read()
#12 /mnt/c/Users/Dell/Desktop/SAE301/suivi-colis-iutv/vendor/laravel/framework/src/Illuminate/Session/Store.php(105): Illuminate\\Session\\Store->readFromHandler()
#13 /mnt/c/Users/Dell/Desktop/SAE301/suivi-colis-iutv/vendor/laravel/framework/src/Illuminate/Session/Store.php(89): Illuminate\\Session\\Store->loadSession()
#14 /mnt/c/Users/Dell/Desktop/SAE301/suivi-colis-iutv/vendor/laravel/framework/src/Illuminate/Session/Middleware/StartSession.php(146): Illuminate\\Session\\Store->start()
#15 /mnt/c/Users/Dell/Desktop/SAE301/suivi-colis-iutv/vendor/laravel/framework/src/Illuminate/Support/helpers.php(390): Illuminate\\Session\\Middleware\\StartSession->Illuminate\\Session\\Middleware\\{closure}()
#16 /mnt/c/Users/Dell/Desktop/SAE301/suivi-colis-iutv/vendor/laravel/framework/src/Illuminate/Session/Middleware/StartSession.php(143): tap()
#17 /mnt/c/Users/Dell/Desktop/SAE301/suivi-colis-iutv/vendor/laravel/framework/src/Illuminate/Session/Middleware/StartSession.php(115): Illuminate\\Session\\Middleware\\StartSession->startSession()
#18 /mnt/c/Users/Dell/Desktop/SAE301/suivi-colis-iutv/vendor/laravel/framework/src/Illuminate/Session/Middleware/StartSession.php(63): Illuminate\\Session\\Middleware\\StartSession->handleStatefulRequest()
#19 /mnt/c/Users/Dell/Desktop/SAE301/suivi-colis-iutv/vendor/laravel/framework/src/Illuminate/Pipeline/Pipeline.php(219): Illuminate\\Session\\Middleware\\StartSession->handle()
#20 /mnt/c/Users/Dell/Desktop/SAE301/suivi-colis-iutv/vendor/laravel/framework/src/Illuminate/Cookie/Middleware/AddQueuedCookiesToResponse.php(36): Illuminate\\Pipeline\\Pipeline->Illuminate\\Pipeline\\{closure}()
#21 /mnt/c/Users/Dell/Desktop/SAE301/suivi-colis-iutv/vendor/laravel/framework/src/Illuminate/Pipeline/Pipeline.php(219): Illuminate\\Cookie\\Middleware\\AddQueuedCookiesToResponse->handle()
#22 /mnt/c/Users/Dell/Desktop/SAE301/suivi-colis-iutv/vendor/laravel/framework/src/Illuminate/Cookie/Middleware/EncryptCookies.php(74): Illuminate\\Pipeline\\Pipeline->Illuminate\\Pipeline\\{closure}()
#23 /mnt/c/Users/Dell/Desktop/SAE301/suivi-colis-iutv/vendor/laravel/framework/src/Illuminate/Pipeline/Pipeline.php(219): Illuminate\\Cookie\\Middleware\\EncryptCookies->handle()
#24 /mnt/c/Users/Dell/Desktop/SAE301/suivi-colis-iutv/vendor/laravel/framework/src/Illuminate/Pipeline/Pipeline.php(137): Illuminate\\Pipeline\\Pipeline->Illuminate\\Pipeline\\{closure}()
#25 /mnt/c/Users/Dell/Desktop/SAE301/suivi-colis-iutv/vendor/laravel/framework/src/Illuminate/Routing/Router.php(821): Illuminate\\Pipeline\\Pipeline->then()
#26 /mnt/c/Users/Dell/Desktop/SAE301/suivi-colis-iutv/vendor/laravel/framework/src/Illuminate/Routing/Router.php(800): Illuminate\\Routing\\Router->runRouteWithinStack()
#27 /mnt/c/Users/Dell/Desktop/SAE301/suivi-colis-iutv/vendor/laravel/framework/src/Illuminate/Routing/Router.php(764): Illuminate\\Routing\\Router->runRoute()
#28 /mnt/c/Users/Dell/Desktop/SAE301/suivi-colis-iutv/vendor/laravel/framework/src/Illuminate/Routing/Router.php(753): Illuminate\\Routing\\Router->dispatchToRoute()
#29 /mnt/c/Users/Dell/Desktop/SAE301/suivi-colis-iutv/vendor/laravel/framework/src/Illuminate/Foundation/Http/Kernel.php(200): Illuminate\\Routing\\Router->dispatch()
#30 /mnt/c/Users/Dell/Desktop/SAE301/suivi-colis-iutv/vendor/laravel/framework/src/Illuminate/Pipeline/Pipeline.php(180): Illuminate\\Foundation\\Http\\Kernel->Illuminate\\Foundation\\Http\\{closure}()
#31 /mnt/c/Users/Dell/Desktop/SAE301/suivi-colis-iutv/vendor/barryvdh/laravel-debugbar/src/Middleware/InjectDebugbar.php(66): Illuminate\\Pipeline\\Pipeline->Illuminate\\Pipeline\\{closure}()
#32 /mnt/c/Users/Dell/Desktop/SAE301/suivi-colis-iutv/vendor/laravel/framework/src/Illuminate/Pipeline/Pipeline.php(219): Barryvdh\\Debugbar\\Middleware\\InjectDebugbar->handle()
#33 /mnt/c/Users/Dell/Desktop/SAE301/suivi-colis-iutv/vendor/laravel/framework/src/Illuminate/Foundation/Http/Middleware/TransformsRequest.php(21): Illuminate\\Pipeline\\Pipeline->Illuminate\\Pipeline\\{closure}()
#34 /mnt/c/Users/Dell/Desktop/SAE301/suivi-colis-iutv/vendor/laravel/framework/src/Illuminate/Foundation/Http/Middleware/ConvertEmptyStringsToNull.php(31): Illuminate\\Foundation\\Http\\Middleware\\TransformsRequest->handle()
#35 /mnt/c/Users/Dell/Desktop/SAE301/suivi-colis-iutv/vendor/laravel/framework/src/Illuminate/Pipeline/Pipeline.php(219): Illuminate\\Foundation\\Http\\Middleware\\ConvertEmptyStringsToNull->handle()
#36 /mnt/c/Users/Dell/Desktop/SAE301/suivi-colis-iutv/vendor/laravel/framework/src/Illuminate/Foundation/Http/Middleware/TransformsRequest.php(21): Illuminate\\Pipeline\\Pipeline->Illuminate\\Pipeline\\{closure}()
#37 /mnt/c/Users/Dell/Desktop/SAE301/suivi-colis-iutv/vendor/laravel/framework/src/Illuminate/Foundation/Http/Middleware/TrimStrings.php(51): Illuminate\\Foundation\\Http\\Middleware\\TransformsRequest->handle()
#38 /mnt/c/Users/Dell/Desktop/SAE301/suivi-colis-iutv/vendor/laravel/framework/src/Illuminate/Pipeline/Pipeline.php(219): Illuminate\\Foundation\\Http\\Middleware\\TrimStrings->handle()
#39 /mnt/c/Users/Dell/Desktop/SAE301/suivi-colis-iutv/vendor/laravel/framework/src/Illuminate/Http/Middleware/ValidatePostSize.php(27): Illuminate\\Pipeline\\Pipeline->Illuminate\\Pipeline\\{closure}()
#40 /mnt/c/Users/Dell/Desktop/SAE301/suivi-colis-iutv/vendor/laravel/framework/src/Illuminate/Pipeline/Pipeline.php(219): Illuminate\\Http\\Middleware\\ValidatePostSize->handle()
#41 /mnt/c/Users/Dell/Desktop/SAE301/suivi-colis-iutv/vendor/laravel/framework/src/Illuminate/Foundation/Http/Middleware/PreventRequestsDuringMaintenance.php(109): Illuminate\\Pipeline\\Pipeline->Illuminate\\Pipeline\\{closure}()
#42 /mnt/c/Users/Dell/Desktop/SAE301/suivi-colis-iutv/vendor/laravel/framework/src/Illuminate/Pipeline/Pipeline.php(219): Illuminate\\Foundation\\Http\\Middleware\\PreventRequestsDuringMaintenance->handle()
#43 /mnt/c/Users/Dell/Desktop/SAE301/suivi-colis-iutv/vendor/laravel/framework/src/Illuminate/Http/Middleware/HandleCors.php(48): Illuminate\\Pipeline\\Pipeline->Illuminate\\Pipeline\\{closure}()
#44 /mnt/c/Users/Dell/Desktop/SAE301/suivi-colis-iutv/vendor/laravel/framework/src/Illuminate/Pipeline/Pipeline.php(219): Illuminate\\Http\\Middleware\\HandleCors->handle()
#45 /mnt/c/Users/Dell/Desktop/SAE301/suivi-colis-iutv/vendor/laravel/framework/src/Illuminate/Http/Middleware/TrustProxies.php(58): Illuminate\\Pipeline\\Pipeline->Illuminate\\Pipeline\\{closure}()
#46 /mnt/c/Users/Dell/Desktop/SAE301/suivi-colis-iutv/vendor/laravel/framework/src/Illuminate/Pipeline/Pipeline.php(219): Illuminate\\Http\\Middleware\\TrustProxies->handle()
#47 /mnt/c/Users/Dell/Desktop/SAE301/suivi-colis-iutv/vendor/laravel/framework/src/Illuminate/Foundation/Http/Middleware/InvokeDeferredCallbacks.php(22): Illuminate\\Pipeline\\Pipeline->Illuminate\\Pipeline\\{closure}()
#48 /mnt/c/Users/Dell/Desktop/SAE301/suivi-colis-iutv/vendor/laravel/framework/src/Illuminate/Pipeline/Pipeline.php(219): Illuminate\\Foundation\\Http\\Middleware\\InvokeDeferredCallbacks->handle()
#49 /mnt/c/Users/Dell/Desktop/SAE301/suivi-colis-iutv/vendor/laravel/framework/src/Illuminate/Http/Middleware/ValidatePathEncoding.php(26): Illuminate\\Pipeline\\Pipeline->Illuminate\\Pipeline\\{closure}()
#50 /mnt/c/Users/Dell/Desktop/SAE301/suivi-colis-iutv/vendor/laravel/framework/src/Illuminate/Pipeline/Pipeline.php(219): Illuminate\\Http\\Middleware\\ValidatePathEncoding->handle()
#51 /mnt/c/Users/Dell/Desktop/SAE301/suivi-colis-iutv/vendor/laravel/framework/src/Illuminate/Pipeline/Pipeline.php(137): Illuminate\\Pipeline\\Pipeline->Illuminate\\Pipeline\\{closure}()
#52 /mnt/c/Users/Dell/Desktop/SAE301/suivi-colis-iutv/vendor/laravel/framework/src/Illuminate/Foundation/Http/Kernel.php(175): Illuminate\\Pipeline\\Pipeline->then()
#53 /mnt/c/Users/Dell/Desktop/SAE301/suivi-colis-iutv/vendor/laravel/framework/src/Illuminate/Foundation/Http/Kernel.php(144): Illuminate\\Foundation\\Http\\Kernel->sendRequestThroughRouter()
#54 /mnt/c/Users/Dell/Desktop/SAE301/suivi-colis-iutv/vendor/laravel/framework/src/Illuminate/Foundation/Application.php(1220): Illuminate\\Foundation\\Http\\Kernel->handle()
#55 /mnt/c/Users/Dell/Desktop/SAE301/suivi-colis-iutv/public/index.php(20): Illuminate\\Foundation\\Application->handleRequest()
#56 /mnt/c/Users/Dell/Desktop/SAE301/suivi-colis-iutv/vendor/laravel/framework/src/Illuminate/Foundation/resources/server.php(23): require_once('...')
#57 {main}
"} 
[2025-12-18 10:27:51] local.ERROR: Debugbar exception: SQLSTATE[42S02]: Base table or view not found: 1146 Table 'suivi_colis_iutv.sessions' doesn't exist (Connection: mariadb, SQL: select * from `sessions` where `id` = WrLvR5fXOQHdAAlTfAaxn8laVJNMPax5mC7RZn4i limit 1)  
[2025-12-18 10:33:40] local.ERROR: Command "migrate:fetch" is not defined.

Did you mean one of these?
    migrate
    migrate:fresh
    migrate:install
    migrate:refresh
    migrate:reset
    migrate:rollback
    migrate:status {"exception":"[object] (Symfony\\Component\\Console\\Exception\\CommandNotFoundException(code: 0): Command \"migrate:fetch\" is not defined.

Did you mean one of these?
    migrate
    migrate:fresh
    migrate:install
    migrate:refresh
    migrate:reset
    migrate:rollback
    migrate:status at /mnt/c/Users/Dell/Desktop/SAE301/suivi-colis-iutv/vendor/symfony/console/Application.php:759)
[stacktrace]
#0 /mnt/c/Users/Dell/Desktop/SAE301/suivi-colis-iutv/vendor/symfony/console/Application.php(298): Symfony\\Component\\Console\\Application->find()
#1 /mnt/c/Users/Dell/Desktop/SAE301/suivi-colis-iutv/vendor/symfony/console/Application.php(195): Symfony\\Component\\Console\\Application->doRun()
#2 /mnt/c/Users/Dell/Desktop/SAE301/suivi-colis-iutv/vendor/laravel/framework/src/Illuminate/Foundation/Console/Kernel.php(198): Symfony\\Component\\Console\\Application->run()
#3 /mnt/c/Users/Dell/Desktop/SAE301/suivi-colis-iutv/vendor/laravel/framework/src/Illuminate/Foundation/Application.php(1235): Illuminate\\Foundation\\Console\\Kernel->handle()
#4 /mnt/c/Users/Dell/Desktop/SAE301/suivi-colis-iutv/artisan(16): Illuminate\\Foundation\\Application->handleCommand()
#5 {main}
"} 
